<?xml version="1.0" encoding="UTF-8"?>
<!-- Generated by org.testng.reporters.JUnitReportReporter -->
<testsuite skipped="0" hostname="ZenLaptop802" name="test.AutomationTest" tests="2" failures="0" timestamp="20 Apr 2017 20:43:26 GMT" time="80.043" errors="0">
  <testcase name="automationScript" time="23.095" classname="test.AutomationTest"/>
  <testcase name="automationScript" time="56.948" classname="test.AutomationTest"/>
</testsuite> <!-- test.AutomationTest -->
